Mon May 25 16:51:32 2026       
+-----------------------------------------------------------------------------------------+
| NVIDIA-SMI 580.126.18             Driver Version: 580.126.18     CUDA Version: 13.0     |
+-----------------------------------------+------------------------+----------------------+
| GPU  Name                 Persistence-M | Bus-Id          Disp.A | Volatile Uncorr. ECC |
| Fan  Temp   Perf          Pwr:Usage/Cap |           Memory-Usage | GPU-Util  Compute M. |
|                                         |                        |               MIG M. |
|=========================================+========================+======================|
|   0  Tesla P100-PCIE-16GB           Off |   00000000:3B:00.0 Off |                    0 |
| N/A   29C    P0             26W /  250W |       0MiB /  16384MiB |      0%      Default |
|                                         |                        |                  N/A |
+-----------------------------------------+------------------------+----------------------+

+-----------------------------------------------------------------------------------------+
| Processes:                                                                              |
|  GPU   GI   CI              PID   Type   Process name                        GPU Memory |
|        ID   ID                                                               Usage      |
|=========================================================================================|
|  No running processes found                                                             |
+-----------------------------------------------------------------------------------------+
Loading and preparing data...
Initializing model...

Epoch 1/20

--------------------------------
Train Loss: 0.0285
Train MAE: 4.32%
Val Loss: 0.0080
Val MAE: 2.20%
Learning Rate: 0.0000976
--------------------------------

Best model saved (Val MAE: 2.20%)

Epoch 2/20

--------------------------------
Train Loss: 0.0140
Train MAE: 2.97%
Val Loss: 0.0065
Val MAE: 1.94%
Learning Rate: 0.0000905
--------------------------------

Best model saved (Val MAE: 1.94%)

Epoch 3/20

--------------------------------
Train Loss: 0.0109
Train MAE: 2.61%
Val Loss: 0.0059
Val MAE: 1.84%
Learning Rate: 0.0000794
--------------------------------

Best model saved (Val MAE: 1.84%)

Epoch 4/20

--------------------------------
Train Loss: 0.0093
Train MAE: 2.41%
Val Loss: 0.0052
Val MAE: 1.74%
Learning Rate: 0.0000655
--------------------------------

Best model saved (Val MAE: 1.74%)

Epoch 5/20

--------------------------------
Train Loss: 0.0080
Train MAE: 2.25%
Val Loss: 0.0050
Val MAE: 1.67%
Learning Rate: 0.0000500
--------------------------------

Best model saved (Val MAE: 1.67%)

Epoch 6/20

--------------------------------
Train Loss: 0.0072
Train MAE: 2.13%
Val Loss: 0.0048
Val MAE: 1.60%
Learning Rate: 0.0000345
--------------------------------

Best model saved (Val MAE: 1.60%)

Epoch 7/20

--------------------------------
Train Loss: 0.0064
Train MAE: 2.02%
Val Loss: 0.0046
Val MAE: 1.56%
Learning Rate: 0.0000206
--------------------------------

EarlyStopping: 1/5

Epoch 8/20

--------------------------------
Train Loss: 0.0059
Train MAE: 1.94%
Val Loss: 0.0044
Val MAE: 1.53%
Learning Rate: 0.0000095
--------------------------------

Best model saved (Val MAE: 1.53%)

Epoch 9/20

--------------------------------
Train Loss: 0.0057
Train MAE: 1.91%
Val Loss: 0.0044
Val MAE: 1.53%
Learning Rate: 0.0000024
--------------------------------

EarlyStopping: 1/5

Epoch 10/20

--------------------------------
Train Loss: 0.0055
Train MAE: 1.88%
Val Loss: 0.0043
Val MAE: 1.51%
Learning Rate: 0.0000000
--------------------------------

EarlyStopping: 2/5

Epoch 11/20

--------------------------------
Train Loss: 0.0055
Train MAE: 1.87%
Val Loss: 0.0043
Val MAE: 1.51%
Learning Rate: 0.0000024
--------------------------------

EarlyStopping: 3/5

Epoch 12/20

--------------------------------
Train Loss: 0.0055
Train MAE: 1.87%
Val Loss: 0.0043
Val MAE: 1.51%
Learning Rate: 0.0000095
--------------------------------

EarlyStopping: 4/5

Epoch 13/20

--------------------------------
Train Loss: 0.0055
Train MAE: 1.89%
Val Loss: 0.0044
Val MAE: 1.51%
Learning Rate: 0.0000206
--------------------------------

EarlyStopping: 5/5

EARLY STOPPING TRIGGERED

Loading best model...
Best Validation MAE: 1.53%

Training completed.

====================================
VALIDATION
====================================

====================================
VALIDATION RESULTS
====================================

Validation MAE: 278.64%
Challenge Metric: 0.001746

Male Metric: 0.001365
Female Metric: 0.000603
Fairness Gap: 0.000762

====================================
OCCLUSION BIN ANALYSIS
====================================

Low Occlusion (<10%) MAE: 1.28%
Medium Occlusion (10-40%) MAE: 2.04%
High Occlusion (>40%) MAE: 7.11%

Low Occlusion Samples: 13786
Medium Occlusion Samples: 6159
High Occlusion Samples: 55

====================================
PREDICTION DISTRIBUTION
====================================

Target Mean: 0.0827
Prediction Mean: 0.0838

Target Max: 0.7823
Prediction Max: 0.4998

====================================
TEST INFERENCE
====================================

Predictions saved to:
DataChallenge2026/out/test_predictions1.csv

====================================
TRAINING SUMMARY
====================================

Best Train MAE: 1.87%
Best Validation MAE: 1.51%

Generalization Gap: -0.36%

====================================
DONE
====================================
