Tue May 26 16:17:21 2026       
+-----------------------------------------------------------------------------------------+
| NVIDIA-SMI 580.126.18             Driver Version: 580.126.18     CUDA Version: 13.0     |
+-----------------------------------------+------------------------+----------------------+
| GPU  Name                 Persistence-M | Bus-Id          Disp.A | Volatile Uncorr. ECC |
| Fan  Temp   Perf          Pwr:Usage/Cap |           Memory-Usage | GPU-Util  Compute M. |
|                                         |                        |               MIG M. |
|=========================================+========================+======================|
|   0  Tesla P100-PCIE-16GB           Off |   00000000:D8:00.0 Off |                    0 |
| N/A   30C    P0             27W /  250W |       0MiB /  16384MiB |      0%      Default |
|                                         |                        |                  N/A |
+-----------------------------------------+------------------------+----------------------+

+-----------------------------------------------------------------------------------------+
| Processes:                                                                              |
|  GPU   GI   CI              PID   Type   Process name                        GPU Memory |
|        ID   ID                                                               Usage      |
|=========================================================================================|
|  No running processes found                                                             |
+-----------------------------------------------------------------------------------------+
Loading and preparing data...
Initializing model...

Epoch 1/20

--------------------------------
Train Loss: 0.0309
Train MAE: 4.06%
Val Loss: 0.0090
Val MAE: 2.55%
Learning Rate: 0.0000976
--------------------------------

Best model saved (Val MAE: 2.55%)

Epoch 2/20

--------------------------------
Train Loss: 0.0113
Train MAE: 2.47%
Val Loss: 0.0057
Val MAE: 1.84%
Learning Rate: 0.0000905
--------------------------------

Best model saved (Val MAE: 1.84%)

Epoch 3/20

--------------------------------
Train Loss: 0.0082
Train MAE: 2.10%
Val Loss: 0.0053
Val MAE: 1.73%
Learning Rate: 0.0000794
--------------------------------

Best model saved (Val MAE: 1.73%)

Epoch 4/20

--------------------------------
Train Loss: 0.0066
Train MAE: 1.87%
Val Loss: 0.0057
Val MAE: 1.87%
Learning Rate: 0.0000655
--------------------------------

EarlyStopping: 1/5

Epoch 5/20

--------------------------------
Train Loss: 0.0056
Train MAE: 1.71%
Val Loss: 0.0052
Val MAE: 1.68%
Learning Rate: 0.0000500
--------------------------------

Best model saved (Val MAE: 1.68%)

Epoch 6/20

--------------------------------
Train Loss: 0.0048
Train MAE: 1.58%
Val Loss: 0.0049
Val MAE: 1.64%
Learning Rate: 0.0000345
--------------------------------

EarlyStopping: 1/5

Epoch 7/20

--------------------------------
Train Loss: 0.0042
Train MAE: 1.48%
Val Loss: 0.0048
Val MAE: 1.60%
Learning Rate: 0.0000206
--------------------------------

Best model saved (Val MAE: 1.60%)

Epoch 8/20

--------------------------------
Train Loss: 0.0038
Train MAE: 1.40%
Val Loss: 0.0046
Val MAE: 1.59%
Learning Rate: 0.0000095
--------------------------------

EarlyStopping: 1/5

Epoch 9/20

--------------------------------
Train Loss: 0.0035
Train MAE: 1.33%
Val Loss: 0.0043
Val MAE: 1.50%
Learning Rate: 0.0000024
--------------------------------

Best model saved (Val MAE: 1.50%)

Epoch 10/20

--------------------------------
Train Loss: 0.0034
Train MAE: 1.31%
Val Loss: 0.0043
Val MAE: 1.49%
Learning Rate: 0.0000000
--------------------------------

EarlyStopping: 1/5

Epoch 11/20

--------------------------------
Train Loss: 0.0033
Train MAE: 1.30%
Val Loss: 0.0043
Val MAE: 1.49%
Learning Rate: 0.0000024
--------------------------------

EarlyStopping: 2/5

Epoch 12/20

--------------------------------
Train Loss: 0.0033
Train MAE: 1.30%
Val Loss: 0.0043
Val MAE: 1.48%
Learning Rate: 0.0000095
--------------------------------

EarlyStopping: 3/5

Epoch 13/20

--------------------------------
Train Loss: 0.0033
Train MAE: 1.31%
Val Loss: 0.0043
Val MAE: 1.50%
Learning Rate: 0.0000206
--------------------------------

EarlyStopping: 4/5

Epoch 14/20

--------------------------------
Train Loss: 0.0034
Train MAE: 1.32%
Val Loss: 0.0044
Val MAE: 1.51%
Learning Rate: 0.0000345
--------------------------------

EarlyStopping: 5/5

EARLY STOPPING

Loading best model...
Best Validation MAE: 1.50%

Training completed.

====================================
VALIDATION
====================================

Validation MAE: 8.42%
Challenge Metric: 0.001909

Male Metric: 0.001469
Female Metric: 0.000591
Fairness Gap: 0.000878

====================================
OCCLUSION BIN ANALYSIS
====================================

Low Occlusion (<10%) MAE: 1.28%
Medium Occlusion (10-40%) MAE: 1.93%
High Occlusion (>40%) MAE: 8.37%

Low Occlusion Samples: 13786
Medium Occlusion Samples: 6159
High Occlusion Samples: 55

====================================
PREDICTION DISTRIBUTION
====================================

Target Mean: 0.0827
Prediction Mean: 0.0849

Target Max: 0.7823
Prediction Max: 0.4695

====================================
TEST INFERENCE
====================================

Predictions saved to:
DataChallenge2026/out/test_predictions2.csv

====================================
TRAINING SUMMARY
====================================

Best Train MAE: 1.30%
Best Validation MAE: 1.48%

Generalization Gap: 0.18%

========== DONE ==========
